<?xml version="1.0" encoding="UTF-8"?>
<!-- Generated by org.testng.reporters.JUnitReportReporter -->
<testsuite hostname="DESKTOP-76MRH74" failures="0" tests="1" name="Teststeps.AndroidmobileTest" time="12.102" errors="0" timestamp="2023-12-28T12:14:04 IST" skipped="0">
  <testcase classname="Teststeps.AndroidmobileTest" name="enterWifiDetails" time="12.102"/>
</testsuite> <!-- Teststeps.AndroidmobileTest -->
