<?xml version="1.0" encoding="UTF-8"?>
<!-- Generated by org.testng.reporters.JUnitReportReporter -->
<testsuite hostname="DESKTOP-76MRH74" failures="0" tests="1" name="appfunctions" time="4.549" errors="0" timestamp="2023-12-27T00:53:37 IST" skipped="0">
  <testcase classname="appfunctions" name="testAppAesponsiveclickactions" time="4.549"/>
</testsuite> <!-- appfunctions -->
