<?xml version="1.0" encoding="UTF-8"?>
<!-- Generated by org.testng.reporters.JUnitReportReporter -->
<testsuite hostname="DESKTOP-76MRH74" failures="0" tests="1" name="Baseclass" time="47.935" errors="0" timestamp="2023-12-27T00:34:32 IST" skipped="0">
  <testcase classname="Baseclass" name="Base" time="47.935"/>
</testsuite> <!-- Baseclass -->
