<?xml version="1.0" encoding="UTF-8"?>
<!-- Generated by org.testng.reporters.JUnitReportReporter -->
<testsuite hostname="DESKTOP-76MRH74" failures="0" tests="1" name="appiumtest" time="30.567" errors="0" timestamp="2023-12-26T14:15:54 IST" skipped="0">
  <testcase classname="appiumtest" name="appiumsetdriver" time="30.567"/>
</testsuite> <!-- appiumtest -->
